<?xml version="1.0" encoding="UTF-8"?>
<testng-results ignored="0" total="1" passed="1" failed="0" skipped="0">
  <reporter-output>
  </reporter-output>
  <suite started-at="2022-06-17T23:36:59 BDT" name="Default suite" finished-at="2022-06-17T23:37:29 BDT" duration-ms="29680">
    <groups>
    </groups>
    <test started-at="2022-06-17T23:36:59 BDT" name="Default test" finished-at="2022-06-17T23:37:29 BDT" duration-ms="29680">
      <class name="testCases.TC001_FormSubmission">
        <test-method is-config="true" signature="setDriver()[pri:0, instance:testCases.TC001_FormSubmission@593aaf41]" started-at="2022-06-17T23:36:58 BDT" name="setDriver" finished-at="2022-06-17T23:36:59 BDT" duration-ms="1568" status="PASS">
          <reporter-output>
          </reporter-output>
        </test-method> <!-- setDriver -->
        <test-method signature="locatorLearnning()[pri:0, instance:testCases.TC001_FormSubmission@593aaf41]" started-at="2022-06-17T23:36:59 BDT" name="locatorLearnning" finished-at="2022-06-17T23:37:29 BDT" duration-ms="29662" status="PASS">
          <reporter-output>
          </reporter-output>
        </test-method> <!-- locatorLearnning -->
        <test-method is-config="true" signature="closeWindows()[pri:0, instance:testCases.TC001_FormSubmission@593aaf41]" started-at="2022-06-17T23:37:29 BDT" name="closeWindows" finished-at="2022-06-17T23:37:29 BDT" duration-ms="44" status="PASS">
          <reporter-output>
          </reporter-output>
        </test-method> <!-- closeWindows -->
      </class> <!-- testCases.TC001_FormSubmission -->
    </test> <!-- Default test -->
  </suite> <!-- Default suite -->
</testng-results>
